<?xml version="1.0"?>
<!DOCTYPE coverage SYSTEM "http://cobertura.sourceforge.net/xml/coverage-04.dtd">
<coverage line-rate="0.0535714285714286" branch-rate="1.0000000000000000" lines-covered="177" lines-valid="3304" branches-covered="0" branches-valid="0" complexity="0.0" timestamp="1589810629" version="Slather 2.4.8">
  <sources>
    <source>/Users/tulio/Development/fattmerchant/Fattmerchant-iOS-SDK</source>
  </sources>
  <packages>
    <package name="fattmerchant-ios-sdk.Cardpresent.AnywhereCommerce" line-rate="0.0000000000000000" branch-rate="1.0000000000000000" complexity="0.0">
      <classes>
        <class name="AWCDriver" filename="fattmerchant-ios-sdk/Cardpresent/AnywhereCommerce/AWCDriver.swift" line-rate="0.0000000000000000" branch-rate="1.0000000000000000" complexity="0.0">
          <methods/>
          <lines>
            <line number="29" branch="false" hits="0"/>
            <line number="35" branch="false" hits="0"/>
            <line number="36" branch="false" hits="0"/>
            <line number="37" branch="false" hits="0"/>
            <line number="38" branch="false" hits="0"/>
            <line number="39" branch="false" hits="0"/>
            <line number="40" branch="false" hits="0"/>
            <line number="41" branch="false" hits="0"/>
            <line number="42" branch="false" hits="0"/>
            <line number="43" branch="false" hits="0"/>
            <line number="44" branch="false" hits="0"/>
            <line number="45" branch="false" hits="0"/>
            <line number="46" branch="false" hits="0"/>
            <line number="47" branch="false" hits="0"/>
            <line number="48" branch="false" hits="0"/>
            <line number="49" branch="false" hits="0"/>
            <line number="50" branch="false" hits="0"/>
            <line number="51" branch="false" hits="0"/>
            <line number="52" branch="false" hits="0"/>
            <line number="53" branch="false" hits="0"/>
            <line number="54" branch="false" hits="0"/>
            <line number="55" branch="false" hits="0"/>
            <line number="56" branch="false" hits="0"/>
            <line number="57" branch="false" hits="0"/>
            <line number="58" branch="false" hits="0"/>
            <line number="59" branch="false" hits="0"/>
            <line number="60" branch="false" hits="0"/>
            <line number="61" branch="false" hits="0"/>
            <line number="62" branch="false" hits="0"/>
            <line number="63" branch="false" hits="0"/>
            <line number="64" branch="false" hits="0"/>
            <line number="65" branch="false" hits="0"/>
            <line number="66" branch="false" hits="0"/>
            <line number="68" branch="false" hits="0"/>
            <line number="69" branch="false" hits="0"/>
            <line number="70" branch="false" hits="0"/>
            <line number="72" branch="false" hits="0"/>
            <line number="73" branch="false" hits="0"/>
            <line number="74" branch="false" hits="0"/>
            <line number="75" branch="false" hits="0"/>
            <line number="76" branch="false" hits="0"/>
            <line number="77" branch="false" hits="0"/>
            <line number="78" branch="false" hits="0"/>
            <line number="79" branch="false" hits="0"/>
            <line number="80" branch="false" hits="0"/>
            <line number="81" branch="false" hits="0"/>
            <line number="82" branch="false" hits="0"/>
            <line number="83" branch="false" hits="0"/>
            <line number="84" branch="false" hits="0"/>
            <line number="85" branch="false" hits="0"/>
            <line number="86" branch="false" hits="0"/>
            <line number="87" branch="false" hits="0"/>
            <line number="88" branch="false" hits="0"/>
            <line number="89" branch="false" hits="0"/>
            <line number="91" branch="false" hits="0"/>
            <line number="92" branch="false" hits="0"/>
            <line number="93" branch="false" hits="0"/>
            <line number="94" branch="false" hits="0"/>
            <line number="95" branch="false" hits="0"/>
            <line number="96" branch="false" hits="0"/>
            <line number="97" branch="false" hits="0"/>
            <line number="98" branch="false" hits="0"/>
            <line number="99" branch="false" hits="0"/>
            <line number="100" branch="false" hits="0"/>
            <line number="101" branch="false" hits="0"/>
            <line number="102" branch="false" hits="0"/>
            <line number="103" branch="false" hits="0"/>
            <line number="104" branch="false" hits="0"/>
            <line number="105" branch="false" hits="0"/>
            <line number="107" branch="false" hits="0"/>
            <line number="108" branch="false" hits="0"/>
            <line number="109" branch="false" hits="0"/>
            <line number="110" branch="false" hits="0"/>
            <line number="111" branch="false" hits="0"/>
            <line number="112" branch="false" hits="0"/>
            <line number="113" branch="false" hits="0"/>
            <line number="114" branch="false" hits="0"/>
            <line number="115" branch="false" hits="0"/>
            <line number="116" branch="false" hits="0"/>
            <line number="117" branch="false" hits="0"/>
            <line number="118" branch="false" hits="0"/>
            <line number="119" branch="false" hits="0"/>
            <line number="120" branch="false" hits="0"/>
            <line number="122" branch="false" hits="0"/>
            <line number="123" branch="false" hits="0"/>
            <line number="124" branch="false" hits="0"/>
            <line number="126" branch="false" hits="0"/>
            <line number="127" branch="false" hits="0"/>
            <line number="128" branch="false" hits="0"/>
            <line number="129" branch="false" hits="0"/>
            <line number="130" branch="false" hits="0"/>
            <line number="131" branch="false" hits="0"/>
            <line number="132" branch="false" hits="0"/>
            <line number="133" branch="false" hits="0"/>
            <line number="134" branch="false" hits="0"/>
            <line number="135" branch="false" hits="0"/>
            <line number="136" branch="false" hits="0"/>
            <line number="137" branch="false" hits="0"/>
            <line number="138" branch="false" hits="0"/>
            <line number="139" branch="false" hits="0"/>
            <line number="140" branch="false" hits="0"/>
            <line number="141" branch="false" hits="0"/>
            <line number="142" branch="false" hits="0"/>
            <line number="143" branch="false" hits="0"/>
            <line number="144" branch="false" hits="0"/>
            <line number="145" branch="false" hits="0"/>
            <line number="146" branch="false" hits="0"/>
            <line number="148" branch="false" hits="0"/>
            <line number="149" branch="false" hits="0"/>
            <line number="150" branch="false" hits="0"/>
            <line number="151" branch="false" hits="0"/>
            <line number="152" branch="false" hits="0"/>
            <line number="153" branch="false" hits="0"/>
            <line number="154" branch="false" hits="0"/>
            <line number="155" branch="false" hits="0"/>
            <line number="156" branch="false" hits="0"/>
            <line number="157" branch="false" hits="0"/>
            <line number="158" branch="false" hits="0"/>
            <line number="159" branch="false" hits="0"/>
            <line number="160" branch="false" hits="0"/>
            <line number="162" branch="false" hits="0"/>
            <line number="163" branch="false" hits="0"/>
            <line number="164" branch="false" hits="0"/>
            <line number="165" branch="false" hits="0"/>
            <line number="166" branch="false" hits="0"/>
            <line number="167" branch="false" hits="0"/>
          </lines>
        </class>
        <class name="AWCUtils" filename="fattmerchant-ios-sdk/Cardpresent/AnywhereCommerce/AWCUtils.swift" line-rate="0.0000000000000000" branch-rate="1.0000000000000000" complexity="0.0">
          <methods/>
          <lines>
            <line number="14" branch="false" hits="0"/>
            <line number="15" branch="false" hits="0"/>
            <line number="16" branch="false" hits="0"/>
            <line number="18" branch="false" hits="0"/>
            <line number="19" branch="false" hits="0"/>
            <line number="20" branch="false" hits="0"/>
            <line number="21" branch="false" hits="0"/>
            <line number="26" branch="false" hits="0"/>
            <line number="27" branch="false" hits="0"/>
            <line number="28" branch="false" hits="0"/>
            <line number="32" branch="false" hits="0"/>
            <line number="33" branch="false" hits="0"/>
            <line number="34" branch="false" hits="0"/>
            <line number="35" branch="false" hits="0"/>
            <line number="36" branch="false" hits="0"/>
            <line number="37" branch="false" hits="0"/>
            <line number="38" branch="false" hits="0"/>
            <line number="39" branch="false" hits="0"/>
            <line number="40" branch="false" hits="0"/>
            <line number="41" branch="false" hits="0"/>
            <line number="42" branch="false" hits="0"/>
            <line number="43" branch="false" hits="0"/>
            <line number="47" branch="false" hits="0"/>
            <line number="48" branch="false" hits="0"/>
            <line number="49" branch="false" hits="0"/>
            <line number="50" branch="false" hits="0"/>
            <line number="51" branch="false" hits="0"/>
            <line number="52" branch="false" hits="0"/>
            <line number="53" branch="false" hits="0"/>
            <line number="54" branch="false" hits="0"/>
            <line number="55" branch="false" hits="0"/>
            <line number="56" branch="false" hits="0"/>
            <line number="57" branch="false" hits="0"/>
            <line number="58" branch="false" hits="0"/>
            <line number="59" branch="false" hits="0"/>
            <line number="60" branch="false" hits="0"/>
            <line number="61" branch="false" hits="0"/>
            <line number="65" branch="false" hits="0"/>
            <line number="66" branch="false" hits="0"/>
            <line number="67" branch="false" hits="0"/>
            <line number="68" branch="false" hits="0"/>
          </lines>
        </class>
      </classes>
    </package>
    <package name="fattmerchant-ios-sdk.Cardpresent.ChipDna" line-rate="0.0000000000000000" branch-rate="1.0000000000000000" complexity="0.0">
      <classes>
        <class name="ChipDnaTransactionUserReference" filename="fattmerchant-ios-sdk/Cardpresent/ChipDna/ChipDnaTransactionUserReference.swift" line-rate="0.0000000000000000" branch-rate="1.0000000000000000" complexity="0.0">
          <methods/>
          <lines>
            <line number="14" branch="false" hits="0"/>
            <line number="15" branch="false" hits="0"/>
            <line number="16" branch="false" hits="0"/>
            <line number="17" branch="false" hits="0"/>
            <line number="18" branch="false" hits="0"/>
            <line number="19" branch="false" hits="0"/>
            <line number="20" branch="false" hits="0"/>
            <line number="21" branch="false" hits="0"/>
          </lines>
        </class>
      </classes>
    </package>
    <package name="fattmerchant-ios-sdk.Cardpresent.Data" line-rate="0.0000000000000000" branch-rate="1.0000000000000000" complexity="0.0">
      <classes>
        <class name="Amount" filename="fattmerchant-ios-sdk/Cardpresent/Data/Amount.swift" line-rate="0.0000000000000000" branch-rate="1.0000000000000000" complexity="0.0">
          <methods/>
          <lines>
            <line number="26" branch="false" hits="0"/>
            <line number="27" branch="false" hits="0"/>
            <line number="28" branch="false" hits="0"/>
            <line number="40" branch="false" hits="0"/>
            <line number="41" branch="false" hits="0"/>
            <line number="42" branch="false" hits="0"/>
            <line number="51" branch="false" hits="0"/>
            <line number="52" branch="false" hits="0"/>
            <line number="53" branch="false" hits="0"/>
            <line number="65" branch="false" hits="0"/>
            <line number="66" branch="false" hits="0"/>
            <line number="67" branch="false" hits="0"/>
            <line number="76" branch="false" hits="0"/>
            <line number="77" branch="false" hits="0"/>
            <line number="78" branch="false" hits="0"/>
            <line number="87" branch="false" hits="0"/>
            <line number="88" branch="false" hits="0"/>
            <line number="89" branch="false" hits="0"/>
          </lines>
        </class>
        <class name="TransactionRequest" filename="fattmerchant-ios-sdk/Cardpresent/Data/TransactionRequest.swift" line-rate="0.0000000000000000" branch-rate="1.0000000000000000" complexity="0.0">
          <methods/>
          <lines>
            <line number="52" branch="false" hits="0"/>
            <line number="53" branch="false" hits="0"/>
            <line number="54" branch="false" hits="0"/>
            <line number="59" branch="false" hits="0"/>
            <line number="60" branch="false" hits="0"/>
            <line number="61" branch="false" hits="0"/>
            <line number="62" branch="false" hits="0"/>
            <line number="69" branch="false" hits="0"/>
            <line number="70" branch="false" hits="0"/>
            <line number="71" branch="false" hits="0"/>
            <line number="72" branch="false" hits="0"/>
            <line number="80" branch="false" hits="0"/>
            <line number="81" branch="false" hits="0"/>
            <line number="82" branch="false" hits="0"/>
            <line number="83" branch="false" hits="0"/>
            <line number="84" branch="false" hits="0"/>
          </lines>
        </class>
        <class name="Amount" filename="fattmerchant-ios-sdk/Cardpresent/Data/Amount.swift" line-rate="0.0000000000000000" branch-rate="1.0000000000000000" complexity="0.0">
          <methods/>
          <lines>
            <line number="26" branch="false" hits="0"/>
            <line number="27" branch="false" hits="0"/>
            <line number="28" branch="false" hits="0"/>
            <line number="40" branch="false" hits="0"/>
            <line number="41" branch="false" hits="0"/>
            <line number="42" branch="false" hits="0"/>
            <line number="51" branch="false" hits="0"/>
            <line number="52" branch="false" hits="0"/>
            <line number="53" branch="false" hits="0"/>
            <line number="65" branch="false" hits="0"/>
            <line number="66" branch="false" hits="0"/>
            <line number="67" branch="false" hits="0"/>
            <line number="76" branch="false" hits="0"/>
            <line number="77" branch="false" hits="0"/>
            <line number="78" branch="false" hits="0"/>
            <line number="87" branch="false" hits="0"/>
            <line number="88" branch="false" hits="0"/>
            <line number="89" branch="false" hits="0"/>
          </lines>
        </class>
        <class name="TransactionRequest" filename="fattmerchant-ios-sdk/Cardpresent/Data/TransactionRequest.swift" line-rate="0.0000000000000000" branch-rate="1.0000000000000000" complexity="0.0">
          <methods/>
          <lines>
            <line number="52" branch="false" hits="0"/>
            <line number="53" branch="false" hits="0"/>
            <line number="54" branch="false" hits="0"/>
            <line number="59" branch="false" hits="0"/>
            <line number="60" branch="false" hits="0"/>
            <line number="61" branch="false" hits="0"/>
            <line number="62" branch="false" hits="0"/>
            <line number="69" branch="false" hits="0"/>
            <line number="70" branch="false" hits="0"/>
            <line number="71" branch="false" hits="0"/>
            <line number="72" branch="false" hits="0"/>
            <line number="80" branch="false" hits="0"/>
            <line number="81" branch="false" hits="0"/>
            <line number="82" branch="false" hits="0"/>
            <line number="83" branch="false" hits="0"/>
            <line number="84" branch="false" hits="0"/>
          </lines>
        </class>
      </classes>
    </package>
    <package name="fattmerchant-ios-sdk.Cardpresent.JSON" line-rate="0.0000000000000000" branch-rate="1.0000000000000000" complexity="0.0">
      <classes>
        <class name="JSONValue" filename="fattmerchant-ios-sdk/Cardpresent/JSON/JSONValue.swift" line-rate="0.0000000000000000" branch-rate="1.0000000000000000" complexity="0.0">
          <methods/>
          <lines>
            <line number="86" branch="false" hits="0"/>
            <line number="87" branch="false" hits="0"/>
            <line number="88" branch="false" hits="0"/>
            <line number="89" branch="false" hits="0"/>
            <line number="90" branch="false" hits="0"/>
            <line number="91" branch="false" hits="0"/>
            <line number="92" branch="false" hits="0"/>
            <line number="93" branch="false" hits="0"/>
            <line number="94" branch="false" hits="0"/>
            <line number="95" branch="false" hits="0"/>
            <line number="96" branch="false" hits="0"/>
            <line number="97" branch="false" hits="0"/>
            <line number="98" branch="false" hits="0"/>
            <line number="99" branch="false" hits="0"/>
            <line number="100" branch="false" hits="0"/>
            <line number="101" branch="false" hits="0"/>
            <line number="102" branch="false" hits="0"/>
            <line number="103" branch="false" hits="0"/>
            <line number="104" branch="false" hits="0"/>
            <line number="105" branch="false" hits="0"/>
            <line number="106" branch="false" hits="0"/>
            <line number="107" branch="false" hits="0"/>
            <line number="108" branch="false" hits="0"/>
            <line number="109" branch="false" hits="0"/>
            <line number="110" branch="false" hits="0"/>
            <line number="111" branch="false" hits="0"/>
            <line number="113" branch="false" hits="0"/>
            <line number="114" branch="false" hits="0"/>
            <line number="115" branch="false" hits="0"/>
            <line number="116" branch="false" hits="0"/>
            <line number="117" branch="false" hits="0"/>
            <line number="118" branch="false" hits="0"/>
            <line number="120" branch="false" hits="0"/>
            <line number="121" branch="false" hits="0"/>
            <line number="122" branch="false" hits="0"/>
            <line number="123" branch="false" hits="0"/>
            <line number="124" branch="false" hits="0"/>
            <line number="125" branch="false" hits="0"/>
            <line number="126" branch="false" hits="0"/>
            <line number="127" branch="false" hits="0"/>
            <line number="128" branch="false" hits="0"/>
            <line number="129" branch="false" hits="0"/>
            <line number="130" branch="false" hits="0"/>
            <line number="131" branch="false" hits="0"/>
            <line number="132" branch="false" hits="0"/>
            <line number="133" branch="false" hits="0"/>
            <line number="135" branch="false" hits="0"/>
            <line number="136" branch="false" hits="0"/>
            <line number="137" branch="false" hits="0"/>
            <line number="138" branch="false" hits="0"/>
            <line number="139" branch="false" hits="0"/>
            <line number="140" branch="false" hits="0"/>
            <line number="141" branch="false" hits="0"/>
            <line number="142" branch="false" hits="0"/>
            <line number="143" branch="false" hits="0"/>
            <line number="144" branch="false" hits="0"/>
            <line number="145" branch="false" hits="0"/>
            <line number="146" branch="false" hits="0"/>
            <line number="147" branch="false" hits="0"/>
            <line number="148" branch="false" hits="0"/>
            <line number="150" branch="false" hits="0"/>
            <line number="151" branch="false" hits="0"/>
            <line number="152" branch="false" hits="0"/>
            <line number="153" branch="false" hits="0"/>
            <line number="154" branch="false" hits="0"/>
            <line number="155" branch="false" hits="0"/>
            <line number="157" branch="false" hits="0"/>
            <line number="158" branch="false" hits="0"/>
            <line number="159" branch="false" hits="0"/>
            <line number="160" branch="false" hits="0"/>
            <line number="161" branch="false" hits="0"/>
            <line number="162" branch="false" hits="0"/>
            <line number="163" branch="false" hits="0"/>
            <line number="164" branch="false" hits="0"/>
            <line number="165" branch="false" hits="0"/>
            <line number="166" branch="false" hits="0"/>
            <line number="167" branch="false" hits="0"/>
            <line number="168" branch="false" hits="0"/>
            <line number="169" branch="false" hits="0"/>
            <line number="170" branch="false" hits="0"/>
            <line number="171" branch="false" hits="0"/>
            <line number="172" branch="false" hits="0"/>
            <line number="173" branch="false" hits="0"/>
            <line number="174" branch="false" hits="0"/>
            <line number="176" branch="false" hits="0"/>
            <line number="177" branch="false" hits="0"/>
            <line number="178" branch="false" hits="0"/>
            <line number="179" branch="false" hits="0"/>
            <line number="180" branch="false" hits="0"/>
            <line number="181" branch="false" hits="0"/>
            <line number="182" branch="false" hits="0"/>
            <line number="183" branch="false" hits="0"/>
            <line number="184" branch="false" hits="0"/>
            <line number="185" branch="false" hits="0"/>
            <line number="186" branch="false" hits="0"/>
            <line number="187" branch="false" hits="0"/>
            <line number="188" branch="false" hits="0"/>
            <line number="189" branch="false" hits="0"/>
            <line number="190" branch="false" hits="0"/>
            <line number="191" branch="false" hits="0"/>
            <line number="192" branch="false" hits="0"/>
            <line number="193" branch="false" hits="0"/>
            <line number="198" branch="false" hits="0"/>
            <line number="199" branch="false" hits="0"/>
            <line number="200" branch="false" hits="0"/>
          </lines>
        </class>
        <class name="JSONValue" filename="fattmerchant-ios-sdk/Cardpresent/JSON/JSONValue.swift" line-rate="0.0000000000000000" branch-rate="1.0000000000000000" complexity="0.0">
          <methods/>
          <lines>
            <line number="86" branch="false" hits="0"/>
            <line number="87" branch="false" hits="0"/>
            <line number="88" branch="false" hits="0"/>
            <line number="89" branch="false" hits="0"/>
            <line number="90" branch="false" hits="0"/>
            <line number="91" branch="false" hits="0"/>
            <line number="92" branch="false" hits="0"/>
            <line number="93" branch="false" hits="0"/>
            <line number="94" branch="false" hits="0"/>
            <line number="95" branch="false" hits="0"/>
            <line number="96" branch="false" hits="0"/>
            <line number="97" branch="false" hits="0"/>
            <line number="98" branch="false" hits="0"/>
            <line number="99" branch="false" hits="0"/>
            <line number="100" branch="false" hits="0"/>
            <line number="101" branch="false" hits="0"/>
            <line number="102" branch="false" hits="0"/>
            <line number="103" branch="false" hits="0"/>
            <line number="104" branch="false" hits="0"/>
            <line number="105" branch="false" hits="0"/>
            <line number="106" branch="false" hits="0"/>
            <line number="107" branch="false" hits="0"/>
            <line number="108" branch="false" hits="0"/>
            <line number="109" branch="false" hits="0"/>
            <line number="110" branch="false" hits="0"/>
            <line number="111" branch="false" hits="0"/>
            <line number="113" branch="false" hits="0"/>
            <line number="114" branch="false" hits="0"/>
            <line number="115" branch="false" hits="0"/>
            <line number="116" branch="false" hits="0"/>
            <line number="117" branch="false" hits="0"/>
            <line number="118" branch="false" hits="0"/>
            <line number="120" branch="false" hits="0"/>
            <line number="121" branch="false" hits="0"/>
            <line number="122" branch="false" hits="0"/>
            <line number="123" branch="false" hits="0"/>
            <line number="124" branch="false" hits="0"/>
            <line number="125" branch="false" hits="0"/>
            <line number="126" branch="false" hits="0"/>
            <line number="127" branch="false" hits="0"/>
            <line number="128" branch="false" hits="0"/>
            <line number="129" branch="false" hits="0"/>
            <line number="130" branch="false" hits="0"/>
            <line number="131" branch="false" hits="0"/>
            <line number="132" branch="false" hits="0"/>
            <line number="133" branch="false" hits="0"/>
            <line number="135" branch="false" hits="0"/>
            <line number="136" branch="false" hits="0"/>
            <line number="137" branch="false" hits="0"/>
            <line number="138" branch="false" hits="0"/>
            <line number="139" branch="false" hits="0"/>
            <line number="140" branch="false" hits="0"/>
            <line number="141" branch="false" hits="0"/>
            <line number="142" branch="false" hits="0"/>
            <line number="143" branch="false" hits="0"/>
            <line number="144" branch="false" hits="0"/>
            <line number="145" branch="false" hits="0"/>
            <line number="146" branch="false" hits="0"/>
            <line number="147" branch="false" hits="0"/>
            <line number="148" branch="false" hits="0"/>
            <line number="150" branch="false" hits="0"/>
            <line number="151" branch="false" hits="0"/>
            <line number="152" branch="false" hits="0"/>
            <line number="153" branch="false" hits="0"/>
            <line number="154" branch="false" hits="0"/>
            <line number="155" branch="false" hits="0"/>
            <line number="157" branch="false" hits="0"/>
            <line number="158" branch="false" hits="0"/>
            <line number="159" branch="false" hits="0"/>
            <line number="160" branch="false" hits="0"/>
            <line number="161" branch="false" hits="0"/>
            <line number="162" branch="false" hits="0"/>
            <line number="163" branch="false" hits="0"/>
            <line number="164" branch="false" hits="0"/>
            <line number="165" branch="false" hits="0"/>
            <line number="166" branch="false" hits="0"/>
            <line number="167" branch="false" hits="0"/>
            <line number="168" branch="false" hits="0"/>
            <line number="169" branch="false" hits="0"/>
            <line number="170" branch="false" hits="0"/>
            <line number="171" branch="false" hits="0"/>
            <line number="172" branch="false" hits="0"/>
            <line number="173" branch="false" hits="0"/>
            <line number="174" branch="false" hits="0"/>
            <line number="176" branch="false" hits="0"/>
            <line number="177" branch="false" hits="0"/>
            <line number="178" branch="false" hits="0"/>
            <line number="179" branch="false" hits="0"/>
            <line number="180" branch="false" hits="0"/>
            <line number="181" branch="false" hits="0"/>
            <line number="182" branch="false" hits="0"/>
            <line number="183" branch="false" hits="0"/>
            <line number="184" branch="false" hits="0"/>
            <line number="185" branch="false" hits="0"/>
            <line number="186" branch="false" hits="0"/>
            <line number="187" branch="false" hits="0"/>
            <line number="188" branch="false" hits="0"/>
            <line number="189" branch="false" hits="0"/>
            <line number="190" branch="false" hits="0"/>
            <line number="191" branch="false" hits="0"/>
            <line number="192" branch="false" hits="0"/>
            <line number="193" branch="false" hits="0"/>
            <line number="198" branch="false" hits="0"/>
            <line number="199" branch="false" hits="0"/>
            <line number="200" branch="false" hits="0"/>
          </lines>
        </class>
      </classes>
    </package>
    <package name="fattmerchant-ios-sdk.Cardpresent" line-rate="0.0520833333333333" branch-rate="1.0000000000000000" complexity="0.0">
      <classes>
        <class name="MobileReaderDriver" filename="fattmerchant-ios-sdk/Cardpresent/MobileReaderDriver.swift" line-rate="0.0000000000000000" branch-rate="1.0000000000000000" complexity="0.0">
          <methods/>
          <lines>
            <line number="16" branch="false" hits="0"/>
            <line number="17" branch="false" hits="0"/>
            <line number="18" branch="false" hits="0"/>
            <line number="19" branch="false" hits="0"/>
            <line number="20" branch="false" hits="0"/>
            <line number="21" branch="false" hits="0"/>
          </lines>
        </class>
        <class name="Omni" filename="fattmerchant-ios-sdk/Cardpresent/Omni.swift" line-rate="0.0000000000000000" branch-rate="1.0000000000000000" complexity="0.0">
          <methods/>
          <lines>
            <line number="17" branch="false" hits="0"/>
            <line number="18" branch="false" hits="0"/>
            <line number="19" branch="false" hits="0"/>
            <line number="20" branch="false" hits="0"/>
            <line number="21" branch="false" hits="0"/>
            <line number="22" branch="false" hits="0"/>
            <line number="23" branch="false" hits="0"/>
            <line number="24" branch="false" hits="0"/>
            <line number="25" branch="false" hits="0"/>
            <line number="33" branch="false" hits="0"/>
            <line number="34" branch="false" hits="0"/>
            <line number="35" branch="false" hits="0"/>
            <line number="36" branch="false" hits="0"/>
            <line number="37" branch="false" hits="0"/>
            <line number="38" branch="false" hits="0"/>
            <line number="46" branch="false" hits="0"/>
            <line number="47" branch="false" hits="0"/>
            <line number="48" branch="false" hits="0"/>
            <line number="49" branch="false" hits="0"/>
            <line number="50" branch="false" hits="0"/>
            <line number="51" branch="false" hits="0"/>
            <line number="75" branch="false" hits="0"/>
            <line number="80" branch="false" hits="0"/>
            <line number="84" branch="false" hits="0"/>
            <line number="102" branch="false" hits="0"/>
            <line number="103" branch="false" hits="0"/>
            <line number="104" branch="false" hits="0"/>
            <line number="105" branch="false" hits="0"/>
            <line number="106" branch="false" hits="0"/>
            <line number="109" branch="false" hits="0"/>
            <line number="110" branch="false" hits="0"/>
            <line number="111" branch="false" hits="0"/>
            <line number="112" branch="false" hits="0"/>
            <line number="113" branch="false" hits="0"/>
            <line number="114" branch="false" hits="0"/>
            <line number="117" branch="false" hits="0"/>
            <line number="118" branch="false" hits="0"/>
            <line number="119" branch="false" hits="0"/>
            <line number="126" branch="false" hits="0"/>
            <line number="127" branch="false" hits="0"/>
            <line number="128" branch="false" hits="0"/>
            <line number="129" branch="false" hits="0"/>
            <line number="130" branch="false" hits="0"/>
            <line number="131" branch="false" hits="0"/>
            <line number="132" branch="false" hits="0"/>
            <line number="133" branch="false" hits="0"/>
            <line number="134" branch="false" hits="0"/>
            <line number="135" branch="false" hits="0"/>
            <line number="136" branch="false" hits="0"/>
            <line number="137" branch="false" hits="0"/>
            <line number="138" branch="false" hits="0"/>
            <line number="139" branch="false" hits="0"/>
            <line number="140" branch="false" hits="0"/>
            <line number="141" branch="false" hits="0"/>
            <line number="142" branch="false" hits="0"/>
            <line number="143" branch="false" hits="0"/>
            <line number="144" branch="false" hits="0"/>
            <line number="145" branch="false" hits="0"/>
            <line number="146" branch="false" hits="0"/>
            <line number="147" branch="false" hits="0"/>
            <line number="148" branch="false" hits="0"/>
            <line number="149" branch="false" hits="0"/>
            <line number="150" branch="false" hits="0"/>
            <line number="151" branch="false" hits="0"/>
            <line number="152" branch="false" hits="0"/>
            <line number="153" branch="false" hits="0"/>
            <line number="154" branch="false" hits="0"/>
            <line number="155" branch="false" hits="0"/>
            <line number="156" branch="false" hits="0"/>
            <line number="157" branch="false" hits="0"/>
            <line number="158" branch="false" hits="0"/>
            <line number="165" branch="false" hits="0"/>
            <line number="166" branch="false" hits="0"/>
            <line number="167" branch="false" hits="0"/>
            <line number="168" branch="false" hits="0"/>
            <line number="169" branch="false" hits="0"/>
            <line number="170" branch="false" hits="0"/>
            <line number="171" branch="false" hits="0"/>
            <line number="172" branch="false" hits="0"/>
            <line number="173" branch="false" hits="0"/>
            <line number="180" branch="false" hits="0"/>
            <line number="181" branch="false" hits="0"/>
            <line number="182" branch="false" hits="0"/>
            <line number="183" branch="false" hits="0"/>
            <line number="184" branch="false" hits="0"/>
            <line number="185" branch="false" hits="0"/>
            <line number="186" branch="false" hits="0"/>
            <line number="187" branch="false" hits="0"/>
            <line number="188" branch="false" hits="0"/>
            <line number="189" branch="false" hits="0"/>
            <line number="190" branch="false" hits="0"/>
            <line number="191" branch="false" hits="0"/>
            <line number="192" branch="false" hits="0"/>
            <line number="193" branch="false" hits="0"/>
            <line number="194" branch="false" hits="0"/>
            <line number="195" branch="false" hits="0"/>
            <line number="203" branch="false" hits="0"/>
            <line number="204" branch="false" hits="0"/>
            <line number="205" branch="false" hits="0"/>
            <line number="206" branch="false" hits="0"/>
            <line number="207" branch="false" hits="0"/>
            <line number="208" branch="false" hits="0"/>
            <line number="209" branch="false" hits="0"/>
            <line number="210" branch="false" hits="0"/>
            <line number="211" branch="false" hits="0"/>
            <line number="212" branch="false" hits="0"/>
            <line number="213" branch="false" hits="0"/>
            <line number="220" branch="false" hits="0"/>
            <line number="221" branch="false" hits="0"/>
            <line number="222" branch="false" hits="0"/>
            <line number="228" branch="false" hits="0"/>
            <line number="229" branch="false" hits="0"/>
            <line number="230" branch="false" hits="0"/>
            <line number="231" branch="false" hits="0"/>
            <line number="232" branch="false" hits="0"/>
            <line number="233" branch="false" hits="0"/>
            <line number="234" branch="false" hits="0"/>
            <line number="235" branch="false" hits="0"/>
            <line number="236" branch="false" hits="0"/>
            <line number="237" branch="false" hits="0"/>
            <line number="238" branch="false" hits="0"/>
            <line number="244" branch="false" hits="0"/>
            <line number="245" branch="false" hits="0"/>
            <line number="246" branch="false" hits="0"/>
            <line number="247" branch="false" hits="0"/>
            <line number="248" branch="false" hits="0"/>
            <line number="249" branch="false" hits="0"/>
            <line number="250" branch="false" hits="0"/>
            <line number="251" branch="false" hits="0"/>
            <line number="252" branch="false" hits="0"/>
            <line number="253" branch="false" hits="0"/>
            <line number="254" branch="false" hits="0"/>
            <line number="263" branch="false" hits="0"/>
            <line number="264" branch="false" hits="0"/>
            <line number="265" branch="false" hits="0"/>
            <line number="266" branch="false" hits="0"/>
            <line number="267" branch="false" hits="0"/>
            <line number="268" branch="false" hits="0"/>
            <line number="269" branch="false" hits="0"/>
            <line number="270" branch="false" hits="0"/>
            <line number="271" branch="false" hits="0"/>
            <line number="272" branch="false" hits="0"/>
            <line number="273" branch="false" hits="0"/>
            <line number="274" branch="false" hits="0"/>
            <line number="282" branch="false" hits="0"/>
            <line number="283" branch="false" hits="0"/>
            <line number="284" branch="false" hits="0"/>
            <line number="285" branch="false" hits="0"/>
            <line number="286" branch="false" hits="0"/>
            <line number="287" branch="false" hits="0"/>
            <line number="288" branch="false" hits="0"/>
            <line number="289" branch="false" hits="0"/>
            <line number="290" branch="false" hits="0"/>
            <line number="291" branch="false" hits="0"/>
            <line number="292" branch="false" hits="0"/>
            <line number="293" branch="false" hits="0"/>
            <line number="294" branch="false" hits="0"/>
            <line number="295" branch="false" hits="0"/>
            <line number="296" branch="false" hits="0"/>
            <line number="297" branch="false" hits="0"/>
            <line number="298" branch="false" hits="0"/>
            <line number="306" branch="false" hits="0"/>
            <line number="307" branch="false" hits="0"/>
            <line number="308" branch="false" hits="0"/>
            <line number="309" branch="false" hits="0"/>
            <line number="310" branch="false" hits="0"/>
            <line number="311" branch="false" hits="0"/>
            <line number="312" branch="false" hits="0"/>
            <line number="313" branch="false" hits="0"/>
            <line number="314" branch="false" hits="0"/>
            <line number="315" branch="false" hits="0"/>
            <line number="316" branch="false" hits="0"/>
            <line number="317" branch="false" hits="0"/>
            <line number="323" branch="false" hits="0"/>
            <line number="324" branch="false" hits="0"/>
            <line number="325" branch="false" hits="0"/>
            <line number="326" branch="false" hits="0"/>
            <line number="327" branch="false" hits="0"/>
            <line number="328" branch="false" hits="0"/>
            <line number="329" branch="false" hits="0"/>
            <line number="330" branch="false" hits="0"/>
            <line number="331" branch="false" hits="0"/>
            <line number="332" branch="false" hits="0"/>
            <line number="333" branch="false" hits="0"/>
            <line number="334" branch="false" hits="0"/>
            <line number="335" branch="false" hits="0"/>
          </lines>
        </class>
        <class name="MobileReaderDriver" filename="fattmerchant-ios-sdk/Cardpresent/MobileReaderDriver.swift" line-rate="0.0000000000000000" branch-rate="1.0000000000000000" complexity="0.0">
          <methods/>
          <lines>
            <line number="16" branch="false" hits="0"/>
            <line number="17" branch="false" hits="0"/>
            <line number="18" branch="false" hits="0"/>
            <line number="19" branch="false" hits="0"/>
            <line number="20" branch="false" hits="0"/>
            <line number="21" branch="false" hits="0"/>
          </lines>
        </class>
        <class name="Omni" filename="fattmerchant-ios-sdk/Cardpresent/Omni.swift" line-rate="0.1075268817204301" branch-rate="1.0000000000000000" complexity="0.0">
          <methods/>
          <lines>
            <line number="17" branch="false" hits="0"/>
            <line number="18" branch="false" hits="0"/>
            <line number="19" branch="false" hits="0"/>
            <line number="20" branch="false" hits="0"/>
            <line number="21" branch="false" hits="0"/>
            <line number="22" branch="false" hits="0"/>
            <line number="23" branch="false" hits="0"/>
            <line number="24" branch="false" hits="0"/>
            <line number="25" branch="false" hits="0"/>
            <line number="33" branch="false" hits="0"/>
            <line number="34" branch="false" hits="0"/>
            <line number="35" branch="false" hits="0"/>
            <line number="36" branch="false" hits="0"/>
            <line number="37" branch="false" hits="0"/>
            <line number="38" branch="false" hits="0"/>
            <line number="46" branch="false" hits="0"/>
            <line number="47" branch="false" hits="0"/>
            <line number="48" branch="false" hits="0"/>
            <line number="49" branch="false" hits="0"/>
            <line number="50" branch="false" hits="0"/>
            <line number="51" branch="false" hits="0"/>
            <line number="75" branch="false" hits="2"/>
            <line number="80" branch="false" hits="2"/>
            <line number="84" branch="false" hits="2"/>
            <line number="102" branch="false" hits="0"/>
            <line number="103" branch="false" hits="0"/>
            <line number="104" branch="false" hits="0"/>
            <line number="105" branch="false" hits="0"/>
            <line number="106" branch="false" hits="0"/>
            <line number="109" branch="false" hits="0"/>
            <line number="110" branch="false" hits="0"/>
            <line number="111" branch="false" hits="0"/>
            <line number="112" branch="false" hits="0"/>
            <line number="113" branch="false" hits="0"/>
            <line number="114" branch="false" hits="0"/>
            <line number="117" branch="false" hits="0"/>
            <line number="118" branch="false" hits="0"/>
            <line number="119" branch="false" hits="0"/>
            <line number="126" branch="false" hits="0"/>
            <line number="127" branch="false" hits="0"/>
            <line number="128" branch="false" hits="0"/>
            <line number="129" branch="false" hits="0"/>
            <line number="130" branch="false" hits="0"/>
            <line number="131" branch="false" hits="0"/>
            <line number="132" branch="false" hits="0"/>
            <line number="133" branch="false" hits="0"/>
            <line number="134" branch="false" hits="0"/>
            <line number="135" branch="false" hits="0"/>
            <line number="136" branch="false" hits="0"/>
            <line number="137" branch="false" hits="0"/>
            <line number="138" branch="false" hits="0"/>
            <line number="139" branch="false" hits="0"/>
            <line number="140" branch="false" hits="0"/>
            <line number="141" branch="false" hits="0"/>
            <line number="142" branch="false" hits="0"/>
            <line number="143" branch="false" hits="0"/>
            <line number="144" branch="false" hits="0"/>
            <line number="145" branch="false" hits="0"/>
            <line number="146" branch="false" hits="0"/>
            <line number="147" branch="false" hits="0"/>
            <line number="148" branch="false" hits="0"/>
            <line number="149" branch="false" hits="0"/>
            <line number="150" branch="false" hits="0"/>
            <line number="151" branch="false" hits="0"/>
            <line number="152" branch="false" hits="0"/>
            <line number="153" branch="false" hits="0"/>
            <line number="154" branch="false" hits="0"/>
            <line number="155" branch="false" hits="0"/>
            <line number="156" branch="false" hits="0"/>
            <line number="157" branch="false" hits="0"/>
            <line number="158" branch="false" hits="0"/>
            <line number="165" branch="false" hits="0"/>
            <line number="166" branch="false" hits="0"/>
            <line number="167" branch="false" hits="0"/>
            <line number="168" branch="false" hits="0"/>
            <line number="169" branch="false" hits="0"/>
            <line number="170" branch="false" hits="0"/>
            <line number="171" branch="false" hits="0"/>
            <line number="172" branch="false" hits="0"/>
            <line number="173" branch="false" hits="0"/>
            <line number="180" branch="false" hits="0"/>
            <line number="181" branch="false" hits="0"/>
            <line number="182" branch="false" hits="0"/>
            <line number="183" branch="false" hits="0"/>
            <line number="184" branch="false" hits="0"/>
            <line number="185" branch="false" hits="0"/>
            <line number="186" branch="false" hits="0"/>
            <line number="187" branch="false" hits="0"/>
            <line number="188" branch="false" hits="0"/>
            <line number="189" branch="false" hits="0"/>
            <line number="190" branch="false" hits="0"/>
            <line number="191" branch="false" hits="0"/>
            <line number="192" branch="false" hits="0"/>
            <line number="193" branch="false" hits="0"/>
            <line number="194" branch="false" hits="0"/>
            <line number="195" branch="false" hits="0"/>
            <line number="203" branch="false" hits="0"/>
            <line number="204" branch="false" hits="0"/>
            <line number="205" branch="false" hits="0"/>
            <line number="206" branch="false" hits="0"/>
            <line number="207" branch="false" hits="0"/>
            <line number="208" branch="false" hits="0"/>
            <line number="209" branch="false" hits="0"/>
            <line number="210" branch="false" hits="0"/>
            <line number="211" branch="false" hits="0"/>
            <line number="212" branch="false" hits="0"/>
            <line number="213" branch="false" hits="0"/>
            <line number="220" branch="false" hits="0"/>
            <line number="221" branch="false" hits="0"/>
            <line number="222" branch="false" hits="0"/>
            <line number="228" branch="false" hits="1"/>
            <line number="229" branch="false" hits="1"/>
            <line number="230" branch="false" hits="0"/>
            <line number="231" branch="false" hits="1"/>
            <line number="232" branch="false" hits="1"/>
            <line number="233" branch="false" hits="1"/>
            <line number="234" branch="false" hits="1"/>
            <line number="235" branch="false" hits="1"/>
            <line number="236" branch="false" hits="0"/>
            <line number="237" branch="false" hits="0"/>
            <line number="238" branch="false" hits="1"/>
            <line number="244" branch="false" hits="0"/>
            <line number="245" branch="false" hits="0"/>
            <line number="246" branch="false" hits="0"/>
            <line number="247" branch="false" hits="0"/>
            <line number="248" branch="false" hits="0"/>
            <line number="249" branch="false" hits="0"/>
            <line number="250" branch="false" hits="0"/>
            <line number="251" branch="false" hits="0"/>
            <line number="252" branch="false" hits="0"/>
            <line number="253" branch="false" hits="0"/>
            <line number="254" branch="false" hits="0"/>
            <line number="263" branch="false" hits="1"/>
            <line number="264" branch="false" hits="1"/>
            <line number="265" branch="false" hits="0"/>
            <line number="266" branch="false" hits="1"/>
            <line number="267" branch="false" hits="1"/>
            <line number="268" branch="false" hits="1"/>
            <line number="269" branch="false" hits="1"/>
            <line number="270" branch="false" hits="1"/>
            <line number="271" branch="false" hits="1"/>
            <line number="272" branch="false" hits="0"/>
            <line number="273" branch="false" hits="0"/>
            <line number="274" branch="false" hits="1"/>
            <line number="282" branch="false" hits="0"/>
            <line number="283" branch="false" hits="0"/>
            <line number="284" branch="false" hits="0"/>
            <line number="285" branch="false" hits="0"/>
            <line number="286" branch="false" hits="0"/>
            <line number="287" branch="false" hits="0"/>
            <line number="288" branch="false" hits="0"/>
            <line number="289" branch="false" hits="0"/>
            <line number="290" branch="false" hits="0"/>
            <line number="291" branch="false" hits="0"/>
            <line number="292" branch="false" hits="0"/>
            <line number="293" branch="false" hits="0"/>
            <line number="294" branch="false" hits="0"/>
            <line number="295" branch="false" hits="0"/>
            <line number="296" branch="false" hits="0"/>
            <line number="297" branch="false" hits="0"/>
            <line number="298" branch="false" hits="0"/>
            <line number="306" branch="false" hits="0"/>
            <line number="307" branch="false" hits="0"/>
            <line number="308" branch="false" hits="0"/>
            <line number="309" branch="false" hits="0"/>
            <line number="310" branch="false" hits="0"/>
            <line number="311" branch="false" hits="0"/>
            <line number="312" branch="false" hits="0"/>
            <line number="313" branch="false" hits="0"/>
            <line number="314" branch="false" hits="0"/>
            <line number="315" branch="false" hits="0"/>
            <line number="316" branch="false" hits="0"/>
            <line number="317" branch="false" hits="0"/>
            <line number="323" branch="false" hits="0"/>
            <line number="324" branch="false" hits="0"/>
            <line number="325" branch="false" hits="0"/>
            <line number="326" branch="false" hits="0"/>
            <line number="327" branch="false" hits="0"/>
            <line number="328" branch="false" hits="0"/>
            <line number="329" branch="false" hits="0"/>
            <line number="330" branch="false" hits="0"/>
            <line number="331" branch="false" hits="0"/>
            <line number="332" branch="false" hits="0"/>
            <line number="333" branch="false" hits="0"/>
            <line number="334" branch="false" hits="0"/>
            <line number="335" branch="false" hits="0"/>
          </lines>
        </class>
      </classes>
    </package>
    <package name="fattmerchant-ios-sdk.Cardpresent.Mock" line-rate="0.1321839080459770" branch-rate="1.0000000000000000" complexity="0.0">
      <classes>
        <class name="MockDriver" filename="fattmerchant-ios-sdk/Cardpresent/Mock/MockDriver.swift" line-rate="0.0000000000000000" branch-rate="1.0000000000000000" complexity="0.0">
          <methods/>
          <lines>
            <line number="13" branch="false" hits="0"/>
            <line number="14" branch="false" hits="0"/>
            <line number="15" branch="false" hits="0"/>
            <line number="16" branch="false" hits="0"/>
            <line number="17" branch="false" hits="0"/>
            <line number="30" branch="false" hits="0"/>
            <line number="35" branch="false" hits="0"/>
            <line number="42" branch="false" hits="0"/>
            <line number="43" branch="false" hits="0"/>
            <line number="44" branch="false" hits="0"/>
            <line number="46" branch="false" hits="0"/>
            <line number="47" branch="false" hits="0"/>
            <line number="48" branch="false" hits="0"/>
            <line number="50" branch="false" hits="0"/>
            <line number="51" branch="false" hits="0"/>
            <line number="52" branch="false" hits="0"/>
            <line number="54" branch="false" hits="0"/>
            <line number="55" branch="false" hits="0"/>
            <line number="56" branch="false" hits="0"/>
            <line number="58" branch="false" hits="0"/>
            <line number="59" branch="false" hits="0"/>
            <line number="60" branch="false" hits="0"/>
            <line number="61" branch="false" hits="0"/>
            <line number="62" branch="false" hits="0"/>
            <line number="63" branch="false" hits="0"/>
            <line number="64" branch="false" hits="0"/>
            <line number="65" branch="false" hits="0"/>
            <line number="66" branch="false" hits="0"/>
            <line number="67" branch="false" hits="0"/>
            <line number="68" branch="false" hits="0"/>
            <line number="70" branch="false" hits="0"/>
            <line number="71" branch="false" hits="0"/>
            <line number="72" branch="false" hits="0"/>
            <line number="74" branch="false" hits="0"/>
            <line number="75" branch="false" hits="0"/>
            <line number="76" branch="false" hits="0"/>
            <line number="78" branch="false" hits="0"/>
            <line number="79" branch="false" hits="0"/>
            <line number="80" branch="false" hits="0"/>
            <line number="81" branch="false" hits="0"/>
            <line number="82" branch="false" hits="0"/>
            <line number="83" branch="false" hits="0"/>
            <line number="84" branch="false" hits="0"/>
            <line number="85" branch="false" hits="0"/>
            <line number="86" branch="false" hits="0"/>
            <line number="87" branch="false" hits="0"/>
            <line number="88" branch="false" hits="0"/>
            <line number="89" branch="false" hits="0"/>
            <line number="90" branch="false" hits="0"/>
            <line number="91" branch="false" hits="0"/>
            <line number="92" branch="false" hits="0"/>
            <line number="93" branch="false" hits="0"/>
            <line number="95" branch="false" hits="0"/>
            <line number="96" branch="false" hits="0"/>
            <line number="97" branch="false" hits="0"/>
            <line number="99" branch="false" hits="0"/>
            <line number="100" branch="false" hits="0"/>
            <line number="101" branch="false" hits="0"/>
            <line number="102" branch="false" hits="0"/>
            <line number="103" branch="false" hits="0"/>
            <line number="104" branch="false" hits="0"/>
            <line number="105" branch="false" hits="0"/>
            <line number="106" branch="false" hits="0"/>
            <line number="107" branch="false" hits="0"/>
            <line number="108" branch="false" hits="0"/>
            <line number="109" branch="false" hits="0"/>
            <line number="110" branch="false" hits="0"/>
            <line number="111" branch="false" hits="0"/>
            <line number="112" branch="false" hits="0"/>
            <line number="113" branch="false" hits="0"/>
            <line number="114" branch="false" hits="0"/>
            <line number="116" branch="false" hits="0"/>
            <line number="117" branch="false" hits="0"/>
            <line number="118" branch="false" hits="0"/>
            <line number="119" branch="false" hits="0"/>
            <line number="120" branch="false" hits="0"/>
            <line number="121" branch="false" hits="0"/>
            <line number="122" branch="false" hits="0"/>
            <line number="123" branch="false" hits="0"/>
            <line number="124" branch="false" hits="0"/>
            <line number="125" branch="false" hits="0"/>
            <line number="126" branch="false" hits="0"/>
            <line number="127" branch="false" hits="0"/>
            <line number="128" branch="false" hits="0"/>
            <line number="129" branch="false" hits="0"/>
            <line number="130" branch="false" hits="0"/>
            <line number="131" branch="false" hits="0"/>
          </lines>
        </class>
        <class name="MockDriver" filename="fattmerchant-ios-sdk/Cardpresent/Mock/MockDriver.swift" line-rate="0.2643678160919540" branch-rate="1.0000000000000000" complexity="0.0">
          <methods/>
          <lines>
            <line number="13" branch="false" hits="4"/>
            <line number="14" branch="false" hits="4"/>
            <line number="15" branch="false" hits="4"/>
            <line number="16" branch="false" hits="4"/>
            <line number="17" branch="false" hits="4"/>
            <line number="30" branch="false" hits="4"/>
            <line number="35" branch="false" hits="4"/>
            <line number="42" branch="false" hits="0"/>
            <line number="43" branch="false" hits="0"/>
            <line number="44" branch="false" hits="0"/>
            <line number="46" branch="false" hits="0"/>
            <line number="47" branch="false" hits="0"/>
            <line number="48" branch="false" hits="0"/>
            <line number="50" branch="false" hits="2"/>
            <line number="51" branch="false" hits="2"/>
            <line number="52" branch="false" hits="2"/>
            <line number="54" branch="false" hits="1"/>
            <line number="55" branch="false" hits="1"/>
            <line number="56" branch="false" hits="1"/>
            <line number="58" branch="false" hits="1"/>
            <line number="59" branch="false" hits="1"/>
            <line number="60" branch="false" hits="0"/>
            <line number="61" branch="false" hits="1"/>
            <line number="62" branch="false" hits="1"/>
            <line number="63" branch="false" hits="1"/>
            <line number="64" branch="false" hits="1"/>
            <line number="65" branch="false" hits="1"/>
            <line number="66" branch="false" hits="1"/>
            <line number="67" branch="false" hits="1"/>
            <line number="68" branch="false" hits="1"/>
            <line number="70" branch="false" hits="0"/>
            <line number="71" branch="false" hits="0"/>
            <line number="72" branch="false" hits="0"/>
            <line number="74" branch="false" hits="0"/>
            <line number="75" branch="false" hits="0"/>
            <line number="76" branch="false" hits="0"/>
            <line number="78" branch="false" hits="0"/>
            <line number="79" branch="false" hits="0"/>
            <line number="80" branch="false" hits="0"/>
            <line number="81" branch="false" hits="0"/>
            <line number="82" branch="false" hits="0"/>
            <line number="83" branch="false" hits="0"/>
            <line number="84" branch="false" hits="0"/>
            <line number="85" branch="false" hits="0"/>
            <line number="86" branch="false" hits="0"/>
            <line number="87" branch="false" hits="0"/>
            <line number="88" branch="false" hits="0"/>
            <line number="89" branch="false" hits="0"/>
            <line number="90" branch="false" hits="0"/>
            <line number="91" branch="false" hits="0"/>
            <line number="92" branch="false" hits="0"/>
            <line number="93" branch="false" hits="0"/>
            <line number="95" branch="false" hits="0"/>
            <line number="96" branch="false" hits="0"/>
            <line number="97" branch="false" hits="0"/>
            <line number="99" branch="false" hits="0"/>
            <line number="100" branch="false" hits="0"/>
            <line number="101" branch="false" hits="0"/>
            <line number="102" branch="false" hits="0"/>
            <line number="103" branch="false" hits="0"/>
            <line number="104" branch="false" hits="0"/>
            <line number="105" branch="false" hits="0"/>
            <line number="106" branch="false" hits="0"/>
            <line number="107" branch="false" hits="0"/>
            <line number="108" branch="false" hits="0"/>
            <line number="109" branch="false" hits="0"/>
            <line number="110" branch="false" hits="0"/>
            <line number="111" branch="false" hits="0"/>
            <line number="112" branch="false" hits="0"/>
            <line number="113" branch="false" hits="0"/>
            <line number="114" branch="false" hits="0"/>
            <line number="116" branch="false" hits="0"/>
            <line number="117" branch="false" hits="0"/>
            <line number="118" branch="false" hits="0"/>
            <line number="119" branch="false" hits="0"/>
            <line number="120" branch="false" hits="0"/>
            <line number="121" branch="false" hits="0"/>
            <line number="122" branch="false" hits="0"/>
            <line number="123" branch="false" hits="0"/>
            <line number="124" branch="false" hits="0"/>
            <line number="125" branch="false" hits="0"/>
            <line number="126" branch="false" hits="0"/>
            <line number="127" branch="false" hits="0"/>
            <line number="128" branch="false" hits="0"/>
            <line number="129" branch="false" hits="0"/>
            <line number="130" branch="false" hits="0"/>
            <line number="131" branch="false" hits="0"/>
          </lines>
        </class>
      </classes>
    </package>
    <package name="fattmerchant-ios-sdk.Cardpresent.Networking" line-rate="0.0040322580645161" branch-rate="1.0000000000000000" complexity="0.0">
      <classes>
        <class name="Endpoints" filename="fattmerchant-ios-sdk/Cardpresent/Networking/Endpoints.swift" line-rate="0.0000000000000000" branch-rate="1.0000000000000000" complexity="0.0">
          <methods/>
          <lines>
            <line number="16" branch="false" hits="0"/>
            <line number="17" branch="false" hits="0"/>
            <line number="18" branch="false" hits="0"/>
            <line number="22" branch="false" hits="0"/>
            <line number="23" branch="false" hits="0"/>
            <line number="24" branch="false" hits="0"/>
            <line number="28" branch="false" hits="0"/>
            <line number="29" branch="false" hits="0"/>
            <line number="30" branch="false" hits="0"/>
            <line number="34" branch="false" hits="0"/>
            <line number="35" branch="false" hits="0"/>
            <line number="36" branch="false" hits="0"/>
            <line number="40" branch="false" hits="0"/>
            <line number="41" branch="false" hits="0"/>
            <line number="42" branch="false" hits="0"/>
          </lines>
        </class>
        <class name="Environment" filename="fattmerchant-ios-sdk/Cardpresent/Networking/Environment.swift" line-rate="0.0000000000000000" branch-rate="1.0000000000000000" complexity="0.0">
          <methods/>
          <lines>
            <line number="16" branch="false" hits="0"/>
            <line number="17" branch="false" hits="0"/>
            <line number="18" branch="false" hits="0"/>
            <line number="19" branch="false" hits="0"/>
            <line number="20" branch="false" hits="0"/>
            <line number="21" branch="false" hits="0"/>
            <line number="22" branch="false" hits="0"/>
            <line number="23" branch="false" hits="0"/>
            <line number="25" branch="false" hits="0"/>
            <line number="26" branch="false" hits="0"/>
            <line number="27" branch="false" hits="0"/>
          </lines>
        </class>
        <class name="OmniApi" filename="fattmerchant-ios-sdk/Cardpresent/Networking/OmniApi.swift" line-rate="0.0000000000000000" branch-rate="1.0000000000000000" complexity="0.0">
          <methods/>
          <lines>
            <line number="23" branch="false" hits="0"/>
            <line number="24" branch="false" hits="0"/>
            <line number="25" branch="false" hits="0"/>
            <line number="26" branch="false" hits="0"/>
            <line number="27" branch="false" hits="0"/>
            <line number="28" branch="false" hits="0"/>
            <line number="29" branch="false" hits="0"/>
            <line number="30" branch="false" hits="0"/>
            <line number="31" branch="false" hits="0"/>
            <line number="32" branch="false" hits="0"/>
            <line number="36" branch="false" hits="0"/>
            <line number="37" branch="false" hits="0"/>
            <line number="38" branch="false" hits="0"/>
            <line number="39" branch="false" hits="0"/>
            <line number="40" branch="false" hits="0"/>
            <line number="43" branch="false" hits="0"/>
            <line number="44" branch="false" hits="0"/>
            <line number="45" branch="false" hits="0"/>
            <line number="46" branch="false" hits="0"/>
            <line number="47" branch="false" hits="0"/>
            <line number="49" branch="false" hits="0"/>
            <line number="50" branch="false" hits="0"/>
            <line number="51" branch="false" hits="0"/>
            <line number="52" branch="false" hits="0"/>
            <line number="53" branch="false" hits="0"/>
            <line number="55" branch="false" hits="0"/>
            <line number="56" branch="false" hits="0"/>
            <line number="57" branch="false" hits="0"/>
            <line number="59" branch="false" hits="0"/>
            <line number="62" branch="false" hits="0"/>
            <line number="63" branch="false" hits="0"/>
            <line number="64" branch="false" hits="0"/>
            <line number="65" branch="false" hits="0"/>
            <line number="66" branch="false" hits="0"/>
            <line number="67" branch="false" hits="0"/>
            <line number="68" branch="false" hits="0"/>
            <line number="69" branch="false" hits="0"/>
            <line number="70" branch="false" hits="0"/>
            <line number="71" branch="false" hits="0"/>
            <line number="72" branch="false" hits="0"/>
            <line number="73" branch="false" hits="0"/>
            <line number="74" branch="false" hits="0"/>
            <line number="75" branch="false" hits="0"/>
            <line number="76" branch="false" hits="0"/>
            <line number="77" branch="false" hits="0"/>
            <line number="78" branch="false" hits="0"/>
            <line number="79" branch="false" hits="0"/>
            <line number="80" branch="false" hits="0"/>
            <line number="81" branch="false" hits="0"/>
            <line number="82" branch="false" hits="0"/>
            <line number="83" branch="false" hits="0"/>
            <line number="84" branch="false" hits="0"/>
            <line number="85" branch="false" hits="0"/>
            <line number="86" branch="false" hits="0"/>
            <line number="87" branch="false" hits="0"/>
            <line number="88" branch="false" hits="0"/>
            <line number="89" branch="false" hits="0"/>
            <line number="90" branch="false" hits="0"/>
            <line number="91" branch="false" hits="0"/>
            <line number="92" branch="false" hits="0"/>
            <line number="93" branch="false" hits="0"/>
            <line number="94" branch="false" hits="0"/>
            <line number="95" branch="false" hits="0"/>
            <line number="96" branch="false" hits="0"/>
            <line number="97" branch="false" hits="0"/>
            <line number="98" branch="false" hits="0"/>
            <line number="99" branch="false" hits="0"/>
            <line number="100" branch="false" hits="0"/>
            <line number="101" branch="false" hits="0"/>
            <line number="102" branch="false" hits="0"/>
            <line number="103" branch="false" hits="0"/>
            <line number="104" branch="false" hits="0"/>
            <line number="105" branch="false" hits="0"/>
            <line number="106" branch="false" hits="0"/>
            <line number="107" branch="false" hits="0"/>
            <line number="108" branch="false" hits="0"/>
            <line number="109" branch="false" hits="0"/>
            <line number="110" branch="false" hits="0"/>
            <line number="111" branch="false" hits="0"/>
            <line number="112" branch="false" hits="0"/>
            <line number="113" branch="false" hits="0"/>
            <line number="114" branch="false" hits="0"/>
            <line number="115" branch="false" hits="0"/>
            <line number="116" branch="false" hits="0"/>
            <line number="117" branch="false" hits="0"/>
            <line number="118" branch="false" hits="0"/>
            <line number="119" branch="false" hits="0"/>
            <line number="120" branch="false" hits="0"/>
            <line number="121" branch="false" hits="0"/>
            <line number="122" branch="false" hits="0"/>
            <line number="123" branch="false" hits="0"/>
            <line number="124" branch="false" hits="0"/>
            <line number="125" branch="false" hits="0"/>
            <line number="126" branch="false" hits="0"/>
            <line number="127" branch="false" hits="0"/>
            <line number="128" branch="false" hits="0"/>
            <line number="129" branch="false" hits="0"/>
            <line number="130" branch="false" hits="0"/>
          </lines>
        </class>
        <class name="Endpoints" filename="fattmerchant-ios-sdk/Cardpresent/Networking/Endpoints.swift" line-rate="0.0000000000000000" branch-rate="1.0000000000000000" complexity="0.0">
          <methods/>
          <lines>
            <line number="16" branch="false" hits="0"/>
            <line number="17" branch="false" hits="0"/>
            <line number="18" branch="false" hits="0"/>
            <line number="22" branch="false" hits="0"/>
            <line number="23" branch="false" hits="0"/>
            <line number="24" branch="false" hits="0"/>
            <line number="28" branch="false" hits="0"/>
            <line number="29" branch="false" hits="0"/>
            <line number="30" branch="false" hits="0"/>
            <line number="34" branch="false" hits="0"/>
            <line number="35" branch="false" hits="0"/>
            <line number="36" branch="false" hits="0"/>
            <line number="40" branch="false" hits="0"/>
            <line number="41" branch="false" hits="0"/>
            <line number="42" branch="false" hits="0"/>
          </lines>
        </class>
        <class name="Environment" filename="fattmerchant-ios-sdk/Cardpresent/Networking/Environment.swift" line-rate="0.0000000000000000" branch-rate="1.0000000000000000" complexity="0.0">
          <methods/>
          <lines>
            <line number="16" branch="false" hits="0"/>
            <line number="17" branch="false" hits="0"/>
            <line number="18" branch="false" hits="0"/>
            <line number="19" branch="false" hits="0"/>
            <line number="20" branch="false" hits="0"/>
            <line number="21" branch="false" hits="0"/>
            <line number="22" branch="false" hits="0"/>
            <line number="23" branch="false" hits="0"/>
            <line number="25" branch="false" hits="0"/>
            <line number="26" branch="false" hits="0"/>
            <line number="27" branch="false" hits="0"/>
          </lines>
        </class>
        <class name="OmniApi" filename="fattmerchant-ios-sdk/Cardpresent/Networking/OmniApi.swift" line-rate="0.0102040816326531" branch-rate="1.0000000000000000" complexity="0.0">
          <methods/>
          <lines>
            <line number="23" branch="false" hits="0"/>
            <line number="24" branch="false" hits="0"/>
            <line number="25" branch="false" hits="0"/>
            <line number="26" branch="false" hits="0"/>
            <line number="27" branch="false" hits="0"/>
            <line number="28" branch="false" hits="0"/>
            <line number="29" branch="false" hits="0"/>
            <line number="30" branch="false" hits="0"/>
            <line number="31" branch="false" hits="0"/>
            <line number="32" branch="false" hits="0"/>
            <line number="36" branch="false" hits="0"/>
            <line number="37" branch="false" hits="0"/>
            <line number="38" branch="false" hits="0"/>
            <line number="39" branch="false" hits="0"/>
            <line number="40" branch="false" hits="0"/>
            <line number="43" branch="false" hits="0"/>
            <line number="44" branch="false" hits="0"/>
            <line number="45" branch="false" hits="0"/>
            <line number="46" branch="false" hits="0"/>
            <line number="47" branch="false" hits="0"/>
            <line number="49" branch="false" hits="0"/>
            <line number="50" branch="false" hits="0"/>
            <line number="51" branch="false" hits="0"/>
            <line number="52" branch="false" hits="0"/>
            <line number="53" branch="false" hits="0"/>
            <line number="55" branch="false" hits="0"/>
            <line number="56" branch="false" hits="0"/>
            <line number="57" branch="false" hits="0"/>
            <line number="59" branch="false" hits="4"/>
            <line number="62" branch="false" hits="0"/>
            <line number="63" branch="false" hits="0"/>
            <line number="64" branch="false" hits="0"/>
            <line number="65" branch="false" hits="0"/>
            <line number="66" branch="false" hits="0"/>
            <line number="67" branch="false" hits="0"/>
            <line number="68" branch="false" hits="0"/>
            <line number="69" branch="false" hits="0"/>
            <line number="70" branch="false" hits="0"/>
            <line number="71" branch="false" hits="0"/>
            <line number="72" branch="false" hits="0"/>
            <line number="73" branch="false" hits="0"/>
            <line number="74" branch="false" hits="0"/>
            <line number="75" branch="false" hits="0"/>
            <line number="76" branch="false" hits="0"/>
            <line number="77" branch="false" hits="0"/>
            <line number="78" branch="false" hits="0"/>
            <line number="79" branch="false" hits="0"/>
            <line number="80" branch="false" hits="0"/>
            <line number="81" branch="false" hits="0"/>
            <line number="82" branch="false" hits="0"/>
            <line number="83" branch="false" hits="0"/>
            <line number="84" branch="false" hits="0"/>
            <line number="85" branch="false" hits="0"/>
            <line number="86" branch="false" hits="0"/>
            <line number="87" branch="false" hits="0"/>
            <line number="88" branch="false" hits="0"/>
            <line number="89" branch="false" hits="0"/>
            <line number="90" branch="false" hits="0"/>
            <line number="91" branch="false" hits="0"/>
            <line number="92" branch="false" hits="0"/>
            <line number="93" branch="false" hits="0"/>
            <line number="94" branch="false" hits="0"/>
            <line number="95" branch="false" hits="0"/>
            <line number="96" branch="false" hits="0"/>
            <line number="97" branch="false" hits="0"/>
            <line number="98" branch="false" hits="0"/>
            <line number="99" branch="false" hits="0"/>
            <line number="100" branch="false" hits="0"/>
            <line number="101" branch="false" hits="0"/>
            <line number="102" branch="false" hits="0"/>
            <line number="103" branch="false" hits="0"/>
            <line number="104" branch="false" hits="0"/>
            <line number="105" branch="false" hits="0"/>
            <line number="106" branch="false" hits="0"/>
            <line number="107" branch="false" hits="0"/>
            <line number="108" branch="false" hits="0"/>
            <line number="109" branch="false" hits="0"/>
            <line number="110" branch="false" hits="0"/>
            <line number="111" branch="false" hits="0"/>
            <line number="112" branch="false" hits="0"/>
            <line number="113" branch="false" hits="0"/>
            <line number="114" branch="false" hits="0"/>
            <line number="115" branch="false" hits="0"/>
            <line number="116" branch="false" hits="0"/>
            <line number="117" branch="false" hits="0"/>
            <line number="118" branch="false" hits="0"/>
            <line number="119" branch="false" hits="0"/>
            <line number="120" branch="false" hits="0"/>
            <line number="121" branch="false" hits="0"/>
            <line number="122" branch="false" hits="0"/>
            <line number="123" branch="false" hits="0"/>
            <line number="124" branch="false" hits="0"/>
            <line number="125" branch="false" hits="0"/>
            <line number="126" branch="false" hits="0"/>
            <line number="127" branch="false" hits="0"/>
            <line number="128" branch="false" hits="0"/>
            <line number="129" branch="false" hits="0"/>
            <line number="130" branch="false" hits="0"/>
          </lines>
        </class>
      </classes>
    </package>
    <package name="fattmerchant-ios-sdk.Cardpresent.Repository" line-rate="0.1764705882352941" branch-rate="1.0000000000000000" complexity="0.0">
      <classes>
        <class name="CustomerRepository" filename="fattmerchant-ios-sdk/Cardpresent/Repository/CustomerRepository.swift" line-rate="0.0000000000000000" branch-rate="1.0000000000000000" complexity="0.0">
          <methods/>
          <lines>
            <line number="16" branch="false" hits="0"/>
            <line number="17" branch="false" hits="0"/>
            <line number="18" branch="false" hits="0"/>
            <line number="19" branch="false" hits="0"/>
            <line number="20" branch="false" hits="0"/>
            <line number="21" branch="false" hits="0"/>
            <line number="29" branch="false" hits="0"/>
            <line number="30" branch="false" hits="0"/>
            <line number="31" branch="false" hits="0"/>
          </lines>
        </class>
        <class name="InvoiceRepository" filename="fattmerchant-ios-sdk/Cardpresent/Repository/InvoiceRepository.swift" line-rate="0.0000000000000000" branch-rate="1.0000000000000000" complexity="0.0">
          <methods/>
          <lines>
            <line number="16" branch="false" hits="0"/>
            <line number="17" branch="false" hits="0"/>
            <line number="18" branch="false" hits="0"/>
            <line number="19" branch="false" hits="0"/>
            <line number="20" branch="false" hits="0"/>
            <line number="21" branch="false" hits="0"/>
[...]
            <line number="75" branch="false" hits="0"/>
            <line number="76" branch="false" hits="0"/>
            <line number="94" branch="false" hits="0"/>
            <line number="95" branch="false" hits="0"/>
            <line number="96" branch="false" hits="0"/>
            <line number="97" branch="false" hits="0"/>
            <line number="98" branch="false" hits="0"/>
            <line number="99" branch="false" hits="0"/>
            <line number="100" branch="false" hits="0"/>
            <line number="101" branch="false" hits="0"/>
            <line number="102" branch="false" hits="0"/>
            <line number="103" branch="false" hits="0"/>
            <line number="104" branch="false" hits="0"/>
            <line number="105" branch="false" hits="0"/>
            <line number="110" branch="false" hits="0"/>
            <line number="111" branch="false" hits="0"/>
            <line number="112" branch="false" hits="0"/>
            <line number="113" branch="false" hits="0"/>
            <line number="114" branch="false" hits="0"/>
            <line number="115" branch="false" hits="0"/>
            <line number="116" branch="false" hits="0"/>
            <line number="117" branch="false" hits="0"/>
            <line number="118" branch="false" hits="0"/>
            <line number="119" branch="false" hits="0"/>
            <line number="120" branch="false" hits="0"/>
            <line number="121" branch="false" hits="0"/>
          </lines>
        </class>
        <class name="Merchant" filename="fattmerchant-ios-sdk/Models/Merchant.swift" line-rate="0.0000000000000000" branch-rate="1.0000000000000000" complexity="0.0">
          <methods/>
          <lines>
            <line number="29" branch="false" hits="0"/>
            <line number="30" branch="false" hits="0"/>
            <line number="31" branch="false" hits="0"/>
            <line number="37" branch="false" hits="0"/>
            <line number="38" branch="false" hits="0"/>
            <line number="39" branch="false" hits="0"/>
            <line number="45" branch="false" hits="0"/>
            <line number="46" branch="false" hits="0"/>
            <line number="47" branch="false" hits="0"/>
            <line number="66" branch="false" hits="0"/>
            <line number="67" branch="false" hits="0"/>
            <line number="68" branch="false" hits="0"/>
            <line number="69" branch="false" hits="0"/>
            <line number="70" branch="false" hits="0"/>
            <line number="71" branch="false" hits="0"/>
            <line number="72" branch="false" hits="0"/>
            <line number="73" branch="false" hits="0"/>
            <line number="74" branch="false" hits="0"/>
            <line number="75" branch="false" hits="0"/>
            <line number="76" branch="false" hits="0"/>
            <line number="77" branch="false" hits="0"/>
            <line number="78" branch="false" hits="0"/>
          </lines>
        </class>
        <class name="MobileReader" filename="fattmerchant-ios-sdk/Models/MobileReader.swift" line-rate="0.0000000000000000" branch-rate="1.0000000000000000" complexity="0.0">
          <methods/>
          <lines>
            <line number="38" branch="false" hits="0"/>
            <line number="39" branch="false" hits="0"/>
            <line number="40" branch="false" hits="0"/>
            <line number="41" branch="false" hits="0"/>
            <line number="42" branch="false" hits="0"/>
            <line number="43" branch="false" hits="0"/>
            <line number="44" branch="false" hits="0"/>
            <line number="46" branch="false" hits="0"/>
          </lines>
        </class>
        <class name="OmniException" filename="fattmerchant-ios-sdk/Models/OmniException.swift" line-rate="0.0000000000000000" branch-rate="1.0000000000000000" complexity="0.0">
          <methods/>
          <lines>
            <line number="19" branch="false" hits="0"/>
            <line number="20" branch="false" hits="0"/>
            <line number="21" branch="false" hits="0"/>
            <line number="23" branch="false" hits="0"/>
            <line number="24" branch="false" hits="0"/>
            <line number="25" branch="false" hits="0"/>
          </lines>
        </class>
        <class name="BankAccount" filename="fattmerchant-ios-sdk/Models/BankAccount.swift" line-rate="0.0000000000000000" branch-rate="1.0000000000000000" complexity="0.0">
          <methods/>
          <lines>
            <line number="40" branch="false" hits="0"/>
            <line number="43" branch="false" hits="0"/>
            <line number="44" branch="false" hits="0"/>
            <line number="45" branch="false" hits="0"/>
            <line number="46" branch="false" hits="0"/>
            <line number="47" branch="false" hits="0"/>
            <line number="48" branch="false" hits="0"/>
            <line number="49" branch="false" hits="0"/>
            <line number="50" branch="false" hits="0"/>
            <line number="71" branch="false" hits="0"/>
            <line number="72" branch="false" hits="0"/>
            <line number="73" branch="false" hits="0"/>
            <line number="74" branch="false" hits="0"/>
            <line number="75" branch="false" hits="0"/>
            <line number="76" branch="false" hits="0"/>
            <line number="77" branch="false" hits="0"/>
            <line number="78" branch="false" hits="0"/>
            <line number="79" branch="false" hits="0"/>
            <line number="80" branch="false" hits="0"/>
            <line number="81" branch="false" hits="0"/>
            <line number="82" branch="false" hits="0"/>
            <line number="83" branch="false" hits="0"/>
            <line number="84" branch="false" hits="0"/>
            <line number="85" branch="false" hits="0"/>
            <line number="86" branch="false" hits="0"/>
            <line number="87" branch="false" hits="0"/>
            <line number="88" branch="false" hits="0"/>
            <line number="89" branch="false" hits="0"/>
            <line number="90" branch="false" hits="0"/>
            <line number="95" branch="false" hits="0"/>
            <line number="96" branch="false" hits="0"/>
            <line number="97" branch="false" hits="0"/>
            <line number="98" branch="false" hits="0"/>
            <line number="99" branch="false" hits="0"/>
            <line number="100" branch="false" hits="0"/>
            <line number="101" branch="false" hits="0"/>
            <line number="102" branch="false" hits="0"/>
            <line number="103" branch="false" hits="0"/>
            <line number="104" branch="false" hits="0"/>
            <line number="105" branch="false" hits="0"/>
            <line number="106" branch="false" hits="0"/>
            <line number="107" branch="false" hits="0"/>
            <line number="108" branch="false" hits="0"/>
            <line number="109" branch="false" hits="0"/>
            <line number="110" branch="false" hits="0"/>
            <line number="111" branch="false" hits="0"/>
            <line number="112" branch="false" hits="0"/>
            <line number="113" branch="false" hits="0"/>
            <line number="114" branch="false" hits="0"/>
          </lines>
        </class>
        <class name="ChargeRequest" filename="fattmerchant-ios-sdk/Models/ChargeRequest.swift" line-rate="0.0000000000000000" branch-rate="1.0000000000000000" complexity="0.0">
          <methods/>
          <lines>
            <line number="30" branch="false" hits="0"/>
            <line number="31" branch="false" hits="0"/>
            <line number="32" branch="false" hits="0"/>
            <line number="33" branch="false" hits="0"/>
            <line number="34" branch="false" hits="0"/>
            <line number="35" branch="false" hits="0"/>
            <line number="36" branch="false" hits="0"/>
            <line number="37" branch="false" hits="0"/>
            <line number="38" branch="false" hits="0"/>
          </lines>
        </class>
        <class name="CreditCard" filename="fattmerchant-ios-sdk/Models/CreditCard.swift" line-rate="0.0000000000000000" branch-rate="1.0000000000000000" complexity="0.0">
          <methods/>
          <lines>
            <line number="71" branch="false" hits="0"/>
            <line number="72" branch="false" hits="0"/>
            <line number="73" branch="false" hits="0"/>
            <line number="74" branch="false" hits="0"/>
            <line number="75" branch="false" hits="0"/>
            <line number="76" branch="false" hits="0"/>
            <line number="94" branch="false" hits="0"/>
            <line number="95" branch="false" hits="0"/>
            <line number="96" branch="false" hits="0"/>
            <line number="97" branch="false" hits="0"/>
            <line number="98" branch="false" hits="0"/>
            <line number="99" branch="false" hits="0"/>
            <line number="100" branch="false" hits="0"/>
            <line number="101" branch="false" hits="0"/>
            <line number="102" branch="false" hits="0"/>
            <line number="103" branch="false" hits="0"/>
            <line number="104" branch="false" hits="0"/>
            <line number="105" branch="false" hits="0"/>
            <line number="110" branch="false" hits="0"/>
            <line number="111" branch="false" hits="0"/>
            <line number="112" branch="false" hits="0"/>
            <line number="113" branch="false" hits="0"/>
            <line number="114" branch="false" hits="0"/>
            <line number="115" branch="false" hits="0"/>
            <line number="116" branch="false" hits="0"/>
            <line number="117" branch="false" hits="0"/>
            <line number="118" branch="false" hits="0"/>
            <line number="119" branch="false" hits="0"/>
            <line number="120" branch="false" hits="0"/>
            <line number="121" branch="false" hits="0"/>
          </lines>
        </class>
        <class name="Merchant" filename="fattmerchant-ios-sdk/Models/Merchant.swift" line-rate="0.0000000000000000" branch-rate="1.0000000000000000" complexity="0.0">
          <methods/>
          <lines>
            <line number="29" branch="false" hits="0"/>
            <line number="30" branch="false" hits="0"/>
            <line number="31" branch="false" hits="0"/>
            <line number="37" branch="false" hits="0"/>
            <line number="38" branch="false" hits="0"/>
            <line number="39" branch="false" hits="0"/>
            <line number="45" branch="false" hits="0"/>
            <line number="46" branch="false" hits="0"/>
            <line number="47" branch="false" hits="0"/>
            <line number="66" branch="false" hits="0"/>
            <line number="67" branch="false" hits="0"/>
            <line number="68" branch="false" hits="0"/>
            <line number="69" branch="false" hits="0"/>
            <line number="70" branch="false" hits="0"/>
            <line number="71" branch="false" hits="0"/>
            <line number="72" branch="false" hits="0"/>
            <line number="73" branch="false" hits="0"/>
            <line number="74" branch="false" hits="0"/>
            <line number="75" branch="false" hits="0"/>
            <line number="76" branch="false" hits="0"/>
            <line number="77" branch="false" hits="0"/>
            <line number="78" branch="false" hits="0"/>
          </lines>
        </class>
        <class name="MobileReader" filename="fattmerchant-ios-sdk/Models/MobileReader.swift" line-rate="0.8750000000000000" branch-rate="1.0000000000000000" complexity="0.0">
          <methods/>
          <lines>
            <line number="38" branch="false" hits="4"/>
            <line number="39" branch="false" hits="4"/>
            <line number="40" branch="false" hits="4"/>
            <line number="41" branch="false" hits="4"/>
            <line number="42" branch="false" hits="4"/>
            <line number="43" branch="false" hits="4"/>
            <line number="44" branch="false" hits="4"/>
            <line number="46" branch="false" hits="0"/>
          </lines>
        </class>
        <class name="OmniException" filename="fattmerchant-ios-sdk/Models/OmniException.swift" line-rate="0.0000000000000000" branch-rate="1.0000000000000000" complexity="0.0">
          <methods/>
          <lines>
            <line number="19" branch="false" hits="0"/>
            <line number="20" branch="false" hits="0"/>
            <line number="21" branch="false" hits="0"/>
            <line number="23" branch="false" hits="0"/>
            <line number="24" branch="false" hits="0"/>
            <line number="25" branch="false" hits="0"/>
          </lines>
        </class>
      </classes>
    </package>
    <package name="fattmerchant-ios-sdk.Utils" line-rate="0.2327586206896552" branch-rate="1.0000000000000000" complexity="0.0">
      <classes>
        <class name="AsyncFilter" filename="fattmerchant-ios-sdk/Utils/AsyncFilter.swift" line-rate="0.0000000000000000" branch-rate="1.0000000000000000" complexity="0.0">
          <methods/>
          <lines>
            <line number="25" branch="false" hits="0"/>
            <line number="26" branch="false" hits="0"/>
            <line number="27" branch="false" hits="0"/>
            <line number="28" branch="false" hits="0"/>
            <line number="29" branch="false" hits="0"/>
            <line number="30" branch="false" hits="0"/>
            <line number="31" branch="false" hits="0"/>
            <line number="32" branch="false" hits="0"/>
            <line number="33" branch="false" hits="0"/>
            <line number="34" branch="false" hits="0"/>
            <line number="35" branch="false" hits="0"/>
            <line number="36" branch="false" hits="0"/>
            <line number="37" branch="false" hits="0"/>
            <line number="38" branch="false" hits="0"/>
            <line number="39" branch="false" hits="0"/>
            <line number="40" branch="false" hits="0"/>
            <line number="41" branch="false" hits="0"/>
            <line number="42" branch="false" hits="0"/>
            <line number="43" branch="false" hits="0"/>
            <line number="44" branch="false" hits="0"/>
            <line number="45" branch="false" hits="0"/>
            <line number="46" branch="false" hits="0"/>
            <line number="47" branch="false" hits="0"/>
            <line number="48" branch="false" hits="0"/>
            <line number="49" branch="false" hits="0"/>
            <line number="50" branch="false" hits="0"/>
            <line number="51" branch="false" hits="0"/>
            <line number="52" branch="false" hits="0"/>
            <line number="53" branch="false" hits="0"/>
            <line number="69" branch="false" hits="0"/>
            <line number="70" branch="false" hits="0"/>
            <line number="71" branch="false" hits="0"/>
            <line number="72" branch="false" hits="0"/>
            <line number="73" branch="false" hits="0"/>
            <line number="74" branch="false" hits="0"/>
            <line number="75" branch="false" hits="0"/>
            <line number="76" branch="false" hits="0"/>
            <line number="77" branch="false" hits="0"/>
            <line number="78" branch="false" hits="0"/>
            <line number="79" branch="false" hits="0"/>
            <line number="80" branch="false" hits="0"/>
            <line number="81" branch="false" hits="0"/>
            <line number="82" branch="false" hits="0"/>
            <line number="83" branch="false" hits="0"/>
            <line number="84" branch="false" hits="0"/>
            <line number="85" branch="false" hits="0"/>
            <line number="86" branch="false" hits="0"/>
            <line number="87" branch="false" hits="0"/>
            <line number="88" branch="false" hits="0"/>
            <line number="89" branch="false" hits="0"/>
            <line number="90" branch="false" hits="0"/>
            <line number="91" branch="false" hits="0"/>
            <line number="92" branch="false" hits="0"/>
            <line number="93" branch="false" hits="0"/>
            <line number="94" branch="false" hits="0"/>
            <line number="95" branch="false" hits="0"/>
            <line number="96" branch="false" hits="0"/>
            <line number="97" branch="false" hits="0"/>
          </lines>
        </class>
        <class name="AsyncFilter" filename="fattmerchant-ios-sdk/Utils/AsyncFilter.swift" line-rate="0.4655172413793103" branch-rate="1.0000000000000000" complexity="0.0">
          <methods/>
          <lines>
            <line number="25" branch="false" hits="2"/>
            <line number="26" branch="false" hits="2"/>
            <line number="27" branch="false" hits="0"/>
            <line number="28" branch="false" hits="0"/>
            <line number="29" branch="false" hits="2"/>
            <line number="30" branch="false" hits="2"/>
            <line number="31" branch="false" hits="2"/>
            <line number="32" branch="false" hits="2"/>
            <line number="33" branch="false" hits="2"/>
            <line number="34" branch="false" hits="2"/>
            <line number="35" branch="false" hits="2"/>
            <line number="36" branch="false" hits="2"/>
            <line number="37" branch="false" hits="2"/>
            <line number="38" branch="false" hits="2"/>
            <line number="39" branch="false" hits="2"/>
            <line number="40" branch="false" hits="2"/>
            <line number="41" branch="false" hits="2"/>
            <line number="42" branch="false" hits="2"/>
            <line number="43" branch="false" hits="2"/>
            <line number="44" branch="false" hits="2"/>
            <line number="45" branch="false" hits="2"/>
            <line number="46" branch="false" hits="2"/>
            <line number="47" branch="false" hits="2"/>
            <line number="48" branch="false" hits="2"/>
            <line number="49" branch="false" hits="2"/>
            <line number="50" branch="false" hits="2"/>
            <line number="51" branch="false" hits="2"/>
            <line number="52" branch="false" hits="2"/>
            <line number="53" branch="false" hits="2"/>
            <line number="69" branch="false" hits="0"/>
            <line number="70" branch="false" hits="0"/>
            <line number="71" branch="false" hits="0"/>
            <line number="72" branch="false" hits="0"/>
            <line number="73" branch="false" hits="0"/>
            <line number="74" branch="false" hits="0"/>
            <line number="75" branch="false" hits="0"/>
            <line number="76" branch="false" hits="0"/>
            <line number="77" branch="false" hits="0"/>
            <line number="78" branch="false" hits="0"/>
            <line number="79" branch="false" hits="0"/>
            <line number="80" branch="false" hits="0"/>
            <line number="81" branch="false" hits="0"/>
            <line number="82" branch="false" hits="0"/>
            <line number="83" branch="false" hits="0"/>
            <line number="84" branch="false" hits="0"/>
            <line number="85" branch="false" hits="0"/>
            <line number="86" branch="false" hits="0"/>
            <line number="87" branch="false" hits="0"/>
            <line number="88" branch="false" hits="0"/>
            <line number="89" branch="false" hits="0"/>
            <line number="90" branch="false" hits="0"/>
            <line number="91" branch="false" hits="0"/>
            <line number="92" branch="false" hits="0"/>
            <line number="93" branch="false" hits="0"/>
            <line number="94" branch="false" hits="0"/>
            <line number="95" branch="false" hits="0"/>
            <line number="96" branch="false" hits="0"/>
            <line number="97" branch="false" hits="0"/>
          </lines>
        </class>
      </classes>
    </package>
  </packages>
</coverage>
